<?xml version="1.0" encoding="UTF-8"?>
<testng-results ignored="0" total="1" passed="1" failed="0" skipped="0">
  <reporter-output>
  </reporter-output>
  <suite started-at="2022-01-06T16:30:15Z" name="Default suite" finished-at="2022-01-06T16:30:17Z" duration-ms="1275">
    <groups>
    </groups>
    <test started-at="2022-01-06T16:30:15Z" name="Default test" finished-at="2022-01-06T16:30:17Z" duration-ms="1275">
      <class name="DemoA.KeywordDrivenFacebook.ExecuteTest">
        <test-method signature="Run()[pri:0, instance:DemoA.KeywordDrivenFacebook.ExecuteTest@25ce9dc4]" started-at="2022-01-06T16:30:15Z" name="Run" finished-at="2022-01-06T16:30:17Z" duration-ms="1235" status="PASS">
          <reporter-output>
          </reporter-output>
        </test-method> <!-- Run -->
      </class> <!-- DemoA.KeywordDrivenFacebook.ExecuteTest -->
    </test> <!-- Default test -->
  </suite> <!-- Default suite -->
</testng-results>
